ERROR - 2024-01-19 01:16:46 --> Error connecting to the database: mysqli_sql_exception: Unknown database 'capstone2024' in C:\laragon\www\Capstone2024\system\Database\MySQLi\Connection.php:185
Stack trace:
#0 C:\laragon\www\Capstone2024\system\Database\MySQLi\Connection.php(185): mysqli->real_connect('localhost', 'root', '', 'Capstone2024', 3306, '', 0)
#1 C:\laragon\www\Capstone2024\system\Database\BaseConnection.php(391): CodeIgniter\Database\MySQLi\Connection->connect(false)
#2 C:\laragon\www\Capstone2024\system\Database\BaseConnection.php(574): CodeIgniter\Database\BaseConnection->initialize()
#3 C:\laragon\www\Capstone2024\system\Database\BaseBuilder.php(1615): CodeIgniter\Database\BaseConnection->query('SELECT *\nFROM `...', Array, false)
#4 C:\laragon\www\Capstone2024\system\Model.php(264): CodeIgniter\Database\BaseBuilder->get()
#5 C:\laragon\www\Capstone2024\system\BaseModel.php(662): CodeIgniter\Model->doFirst()
#6 C:\laragon\www\Capstone2024\app\Controllers\SigninController.php(21): CodeIgniter\BaseModel->first()
#7 C:\laragon\www\Capstone2024\system\CodeIgniter.php(919): App\Controllers\SigninController->loginAuth()
#8 C:\laragon\www\Capstone2024\system\CodeIgniter.php(494): CodeIgniter\CodeIgniter->runController(Object(App\Controllers\SigninController))
#9 C:\laragon\www\Capstone2024\system\CodeIgniter.php(353): CodeIgniter\CodeIgniter->handleRequest(NULL, Object(Config\Cache), false)
#10 C:\laragon\www\Capstone2024\public\index.php(79): CodeIgniter\CodeIgniter->run()
#11 C:\laragon\www\Capstone2024\system\Commands\Server\rewrite.php(47): require_once('C:\\laragon\\www\\...')
#12 {main}

Next CodeIgniter\Database\Exceptions\DatabaseException: Unknown database 'capstone2024' in C:\laragon\www\Capstone2024\system\Database\MySQLi\Connection.php:229
Stack trace:
#0 C:\laragon\www\Capstone2024\system\Database\BaseConnection.php(391): CodeIgniter\Database\MySQLi\Connection->connect(false)
#1 C:\laragon\www\Capstone2024\system\Database\BaseConnection.php(574): CodeIgniter\Database\BaseConnection->initialize()
#2 C:\laragon\www\Capstone2024\system\Database\BaseBuilder.php(1615): CodeIgniter\Database\BaseConnection->query('SELECT *\nFROM `...', Array, false)
#3 C:\laragon\www\Capstone2024\system\Model.php(264): CodeIgniter\Database\BaseBuilder->get()
#4 C:\laragon\www\Capstone2024\system\BaseModel.php(662): CodeIgniter\Model->doFirst()
#5 C:\laragon\www\Capstone2024\app\Controllers\SigninController.php(21): CodeIgniter\BaseModel->first()
#6 C:\laragon\www\Capstone2024\system\CodeIgniter.php(919): App\Controllers\SigninController->loginAuth()
#7 C:\laragon\www\Capstone2024\system\CodeIgniter.php(494): CodeIgniter\CodeIgniter->runController(Object(App\Controllers\SigninController))
#8 C:\laragon\www\Capstone2024\system\CodeIgniter.php(353): CodeIgniter\CodeIgniter->handleRequest(NULL, Object(Config\Cache), false)
#9 C:\laragon\www\Capstone2024\public\index.php(79): CodeIgniter\CodeIgniter->run()
#10 C:\laragon\www\Capstone2024\system\Commands\Server\rewrite.php(47): require_once('C:\\laragon\\www\\...')
#11 {main}
CRITICAL - 2024-01-19 01:16:46 --> Unable to connect to the database.
Main connection [MySQLi]: Unknown database 'capstone2024'
in SYSTEMPATH\Database\BaseConnection.php on line 427.
 1 SYSTEMPATH\Database\BaseConnection.php(574): CodeIgniter\Database\BaseConnection->initialize()
 2 SYSTEMPATH\Database\BaseBuilder.php(1615): CodeIgniter\Database\BaseConnection->query('SELECT *
FROM `users`
WHERE `email` = :email:
 LIMIT 1', [...], false)
 3 SYSTEMPATH\Model.php(264): CodeIgniter\Database\BaseBuilder->get()
 4 SYSTEMPATH\BaseModel.php(662): CodeIgniter\Model->doFirst()
 5 APPPATH\Controllers\SigninController.php(21): CodeIgniter\BaseModel->first()
 6 SYSTEMPATH\CodeIgniter.php(919): App\Controllers\SigninController->loginAuth()
 7 SYSTEMPATH\CodeIgniter.php(494): CodeIgniter\CodeIgniter->runController(Object(App\Controllers\SigninController))
 8 SYSTEMPATH\CodeIgniter.php(353): CodeIgniter\CodeIgniter->handleRequest(null, Object(Config\Cache), false)
 9 FCPATH\index.php(79): CodeIgniter\CodeIgniter->run()
10 SYSTEMPATH\Commands\Server\rewrite.php(47): require_once('C:\\laragon\\www\\Capstone2024\\public\\index.php')
CRITICAL - 2024-01-19 03:35:38 --> Call to undefined function set_value()
in APPPATH\Views\registration.php on line 92.
 1 SYSTEMPATH\View\View.php(226): include()
 2 SYSTEMPATH\View\View.php(229): CodeIgniter\View\View->CodeIgniter\View\{closure}()
 3 SYSTEMPATH\Common.php(1188): CodeIgniter\View\View->render('registration', [], true)
 4 APPPATH\Controllers\UserController.php(35): view('registration')
 5 SYSTEMPATH\CodeIgniter.php(919): App\Controllers\UserController->registration()
 6 SYSTEMPATH\CodeIgniter.php(494): CodeIgniter\CodeIgniter->runController(Object(App\Controllers\UserController))
 7 SYSTEMPATH\CodeIgniter.php(353): CodeIgniter\CodeIgniter->handleRequest(null, Object(Config\Cache), false)
 8 FCPATH\index.php(79): CodeIgniter\CodeIgniter->run()
 9 SYSTEMPATH\Commands\Server\rewrite.php(47): require_once('C:\\laragon\\www\\Capstone2024\\public\\index.php')
CRITICAL - 2024-01-19 03:37:09 --> Call to undefined function set_value()
in APPPATH\Views\registration.php on line 128.
 1 SYSTEMPATH\View\View.php(226): include()
 2 SYSTEMPATH\View\View.php(229): CodeIgniter\View\View->CodeIgniter\View\{closure}()
 3 SYSTEMPATH\Common.php(1188): CodeIgniter\View\View->render('registration', [], true)
 4 APPPATH\Controllers\UserController.php(35): view('registration')
 5 SYSTEMPATH\CodeIgniter.php(919): App\Controllers\UserController->registration()
 6 SYSTEMPATH\CodeIgniter.php(494): CodeIgniter\CodeIgniter->runController(Object(App\Controllers\UserController))
 7 SYSTEMPATH\CodeIgniter.php(353): CodeIgniter\CodeIgniter->handleRequest(null, Object(Config\Cache), false)
 8 FCPATH\index.php(79): CodeIgniter\CodeIgniter->run()
 9 SYSTEMPATH\Commands\Server\rewrite.php(47): require_once('C:\\laragon\\www\\Capstone2024\\public\\index.php')
CRITICAL - 2024-01-19 03:37:54 --> Call to undefined function set_value()
in APPPATH\Views\registration.php on line 128.
 1 SYSTEMPATH\View\View.php(226): include()
 2 SYSTEMPATH\View\View.php(229): CodeIgniter\View\View->CodeIgniter\View\{closure}()
 3 SYSTEMPATH\Common.php(1188): CodeIgniter\View\View->render('registration', [], true)
 4 APPPATH\Controllers\UserController.php(35): view('registration')
 5 SYSTEMPATH\CodeIgniter.php(919): App\Controllers\UserController->registration()
 6 SYSTEMPATH\CodeIgniter.php(494): CodeIgniter\CodeIgniter->runController(Object(App\Controllers\UserController))
 7 SYSTEMPATH\CodeIgniter.php(353): CodeIgniter\CodeIgniter->handleRequest(null, Object(Config\Cache), false)
 8 FCPATH\index.php(79): CodeIgniter\CodeIgniter->run()
 9 SYSTEMPATH\Commands\Server\rewrite.php(47): require_once('C:\\laragon\\www\\Capstone2024\\public\\index.php')
ERROR - 2024-01-19 03:55:34 --> mysqli_sql_exception: Duplicate column name 'role' in C:\laragon\www\Capstone2024\system\Database\MySQLi\Connection.php:306
Stack trace:
#0 C:\laragon\www\Capstone2024\system\Database\MySQLi\Connection.php(306): mysqli->query('ALTER TABLE `us...', 0)
#1 C:\laragon\www\Capstone2024\system\Database\BaseConnection.php(692): CodeIgniter\Database\MySQLi\Connection->execute('ALTER TABLE `us...')
#2 C:\laragon\www\Capstone2024\system\Database\BaseConnection.php(606): CodeIgniter\Database\BaseConnection->simpleQuery('ALTER TABLE `us...')
#3 C:\laragon\www\Capstone2024\system\Database\Forge.php(745): CodeIgniter\Database\BaseConnection->query('ALTER TABLE `us...')
#4 C:\laragon\www\Capstone2024\app\Database\Migrations\2024-01-19-035443_AddRoleAndStatusToUsers.php(14): CodeIgniter\Database\Forge->addColumn('users', Array)
#5 C:\laragon\www\Capstone2024\system\Database\MigrationRunner.php(877): App\Database\Migrations\AddRoleAndStatusToUsers->up()
#6 C:\laragon\www\Capstone2024\system\Database\MigrationRunner.php(188): CodeIgniter\Database\MigrationRunner->migrate('up', Object(stdClass))
#7 C:\laragon\www\Capstone2024\system\Commands\Database\Migrate.php(84): CodeIgniter\Database\MigrationRunner->latest(NULL)
#8 C:\laragon\www\Capstone2024\system\CLI\Commands.php(65): CodeIgniter\Commands\Database\Migrate->run(Array)
#9 C:\laragon\www\Capstone2024\system\CLI\Console.php(37): CodeIgniter\CLI\Commands->run('migrate', Array)
#10 C:\laragon\www\Capstone2024\spark(102): CodeIgniter\CLI\Console->run()
#11 {main}
CRITICAL - 2024-01-19 10:28:30 --> Class "App\Controllers\MemberModel" not found
in APPPATH\Controllers\MemberController.php on line 11.
 1 SYSTEMPATH\CodeIgniter.php(919): App\Controllers\MemberController->index()
 2 SYSTEMPATH\CodeIgniter.php(494): CodeIgniter\CodeIgniter->runController(Object(App\Controllers\MemberController))
 3 SYSTEMPATH\CodeIgniter.php(353): CodeIgniter\CodeIgniter->handleRequest(null, Object(Config\Cache), false)
 4 FCPATH\index.php(79): CodeIgniter\CodeIgniter->run()
 5 SYSTEMPATH\Commands\Server\rewrite.php(47): require_once('C:\\laragon\\www\\Capstone2024\\public\\index.php')
CRITICAL - 2024-01-19 11:10:27 --> Undefined variable $members
in APPPATH\Views\registration.php on line 141.
 1 APPPATH\Views\registration.php(141): CodeIgniter\Debug\Exceptions->errorHandler(2, 'Undefined variable $members', 'C:\\laragon\\www\\Capstone2024\\app\\Views\\registration.php', 141)
 2 SYSTEMPATH\View\View.php(226): include('C:\\laragon\\www\\Capstone2024\\app\\Views\\registration.php')
 3 SYSTEMPATH\View\View.php(229): CodeIgniter\View\View->CodeIgniter\View\{closure}()
 4 SYSTEMPATH\Common.php(1188): CodeIgniter\View\View->render('registration', [], true)
 5 APPPATH\Controllers\UserController.php(35): view('registration')
 6 SYSTEMPATH\CodeIgniter.php(919): App\Controllers\UserController->registration()
 7 SYSTEMPATH\CodeIgniter.php(494): CodeIgniter\CodeIgniter->runController(Object(App\Controllers\UserController))
 8 SYSTEMPATH\CodeIgniter.php(353): CodeIgniter\CodeIgniter->handleRequest(null, Object(Config\Cache), false)
 9 FCPATH\index.php(79): CodeIgniter\CodeIgniter->run()
10 SYSTEMPATH\Commands\Server\rewrite.php(47): require_once('C:\\laragon\\www\\Capstone2024\\public\\index.php')
CRITICAL - 2024-01-19 11:10:42 --> Undefined variable $members
in APPPATH\Views\registration.php on line 141.
 1 APPPATH\Views\registration.php(141): CodeIgniter\Debug\Exceptions->errorHandler(2, 'Undefined variable $members', 'C:\\laragon\\www\\Capstone2024\\app\\Views\\registration.php', 141)
 2 SYSTEMPATH\View\View.php(226): include('C:\\laragon\\www\\Capstone2024\\app\\Views\\registration.php')
 3 SYSTEMPATH\View\View.php(229): CodeIgniter\View\View->CodeIgniter\View\{closure}()
 4 SYSTEMPATH\Common.php(1188): CodeIgniter\View\View->render('registration', [], true)
 5 APPPATH\Controllers\UserController.php(35): view('registration')
 6 SYSTEMPATH\CodeIgniter.php(919): App\Controllers\UserController->registration()
 7 SYSTEMPATH\CodeIgniter.php(494): CodeIgniter\CodeIgniter->runController(Object(App\Controllers\UserController))
 8 SYSTEMPATH\CodeIgniter.php(353): CodeIgniter\CodeIgniter->handleRequest(null, Object(Config\Cache), false)
 9 FCPATH\index.php(79): CodeIgniter\CodeIgniter->run()
10 SYSTEMPATH\Commands\Server\rewrite.php(47): require_once('C:\\laragon\\www\\Capstone2024\\public\\index.php')
CRITICAL - 2024-01-19 11:10:44 --> Undefined variable $members
in APPPATH\Views\registration.php on line 141.
 1 APPPATH\Views\registration.php(141): CodeIgniter\Debug\Exceptions->errorHandler(2, 'Undefined variable $members', 'C:\\laragon\\www\\Capstone2024\\app\\Views\\registration.php', 141)
 2 SYSTEMPATH\View\View.php(226): include('C:\\laragon\\www\\Capstone2024\\app\\Views\\registration.php')
 3 SYSTEMPATH\View\View.php(229): CodeIgniter\View\View->CodeIgniter\View\{closure}()
 4 SYSTEMPATH\Common.php(1188): CodeIgniter\View\View->render('registration', [], true)
 5 APPPATH\Controllers\UserController.php(35): view('registration')
 6 SYSTEMPATH\CodeIgniter.php(919): App\Controllers\UserController->registration()
 7 SYSTEMPATH\CodeIgniter.php(494): CodeIgniter\CodeIgniter->runController(Object(App\Controllers\UserController))
 8 SYSTEMPATH\CodeIgniter.php(353): CodeIgniter\CodeIgniter->handleRequest(null, Object(Config\Cache), false)
 9 FCPATH\index.php(79): CodeIgniter\CodeIgniter->run()
10 SYSTEMPATH\Commands\Server\rewrite.php(47): require_once('C:\\laragon\\www\\Capstone2024\\public\\index.php')
CRITICAL - 2024-01-19 11:38:37 --> Undefined variable $members
in APPPATH\Views\registration.php on line 124.
 1 APPPATH\Views\registration.php(124): CodeIgniter\Debug\Exceptions->errorHandler(2, 'Undefined variable $members', 'C:\\laragon\\www\\Capstone2024\\app\\Views\\registration.php', 124)
 2 SYSTEMPATH\View\View.php(226): include('C:\\laragon\\www\\Capstone2024\\app\\Views\\registration.php')
 3 SYSTEMPATH\View\View.php(229): CodeIgniter\View\View->CodeIgniter\View\{closure}()
 4 SYSTEMPATH\Common.php(1188): CodeIgniter\View\View->render('registration', [], true)
 5 APPPATH\Controllers\UserController.php(35): view('registration')
 6 SYSTEMPATH\CodeIgniter.php(919): App\Controllers\UserController->registration()
 7 SYSTEMPATH\CodeIgniter.php(494): CodeIgniter\CodeIgniter->runController(Object(App\Controllers\UserController))
 8 SYSTEMPATH\CodeIgniter.php(353): CodeIgniter\CodeIgniter->handleRequest(null, Object(Config\Cache), false)
 9 FCPATH\index.php(79): CodeIgniter\CodeIgniter->run()
10 SYSTEMPATH\Commands\Server\rewrite.php(47): require_once('C:\\laragon\\www\\Capstone2024\\public\\index.php')
CRITICAL - 2024-01-19 12:30:05 --> Undefined variable $members
in APPPATH\Views\signup.php on line 155.
 1 APPPATH\Views\signup.php(155): CodeIgniter\Debug\Exceptions->errorHandler(2, 'Undefined variable $members', 'C:\\laragon\\www\\Capstone2024\\app\\Views\\signup.php', 155)
 2 SYSTEMPATH\View\View.php(226): include('C:\\laragon\\www\\Capstone2024\\app\\Views\\signup.php')
 3 SYSTEMPATH\View\View.php(229): CodeIgniter\View\View->CodeIgniter\View\{closure}()
 4 SYSTEMPATH\Common.php(1188): CodeIgniter\View\View->render('signup', [], true)
 5 APPPATH\Controllers\SignupController.php(12): view('signup', [])
 6 SYSTEMPATH\CodeIgniter.php(919): App\Controllers\SignupController->index()
 7 SYSTEMPATH\CodeIgniter.php(494): CodeIgniter\CodeIgniter->runController(Object(App\Controllers\SignupController))
 8 SYSTEMPATH\CodeIgniter.php(353): CodeIgniter\CodeIgniter->handleRequest(null, Object(Config\Cache), false)
 9 FCPATH\index.php(79): CodeIgniter\CodeIgniter->run()
10 SYSTEMPATH\Commands\Server\rewrite.php(47): require_once('C:\\laragon\\www\\Capstone2024\\public\\index.php')
CRITICAL - 2024-01-19 12:30:08 --> Undefined variable $members
in APPPATH\Views\signup.php on line 155.
 1 APPPATH\Views\signup.php(155): CodeIgniter\Debug\Exceptions->errorHandler(2, 'Undefined variable $members', 'C:\\laragon\\www\\Capstone2024\\app\\Views\\signup.php', 155)
 2 SYSTEMPATH\View\View.php(226): include('C:\\laragon\\www\\Capstone2024\\app\\Views\\signup.php')
 3 SYSTEMPATH\View\View.php(229): CodeIgniter\View\View->CodeIgniter\View\{closure}()
 4 SYSTEMPATH\Common.php(1188): CodeIgniter\View\View->render('signup', [], true)
 5 APPPATH\Controllers\SignupController.php(12): view('signup', [])
 6 SYSTEMPATH\CodeIgniter.php(919): App\Controllers\SignupController->index()
 7 SYSTEMPATH\CodeIgniter.php(494): CodeIgniter\CodeIgniter->runController(Object(App\Controllers\SignupController))
 8 SYSTEMPATH\CodeIgniter.php(353): CodeIgniter\CodeIgniter->handleRequest(null, Object(Config\Cache), false)
 9 FCPATH\index.php(79): CodeIgniter\CodeIgniter->run()
10 SYSTEMPATH\Commands\Server\rewrite.php(47): require_once('C:\\laragon\\www\\Capstone2024\\public\\index.php')
CRITICAL - 2024-01-19 12:32:20 --> Undefined variable $member
in APPPATH\Views\signup.php on line 155.
 1 APPPATH\Views\signup.php(155): CodeIgniter\Debug\Exceptions->errorHandler(2, 'Undefined variable $member', 'C:\\laragon\\www\\Capstone2024\\app\\Views\\signup.php', 155)
 2 SYSTEMPATH\View\View.php(226): include('C:\\laragon\\www\\Capstone2024\\app\\Views\\signup.php')
 3 SYSTEMPATH\View\View.php(229): CodeIgniter\View\View->CodeIgniter\View\{closure}()
 4 SYSTEMPATH\Common.php(1188): CodeIgniter\View\View->render('signup', [], true)
 5 APPPATH\Controllers\SignupController.php(12): view('signup', [])
 6 SYSTEMPATH\CodeIgniter.php(919): App\Controllers\SignupController->index()
 7 SYSTEMPATH\CodeIgniter.php(494): CodeIgniter\CodeIgniter->runController(Object(App\Controllers\SignupController))
 8 SYSTEMPATH\CodeIgniter.php(353): CodeIgniter\CodeIgniter->handleRequest(null, Object(Config\Cache), false)
 9 FCPATH\index.php(79): CodeIgniter\CodeIgniter->run()
10 SYSTEMPATH\Commands\Server\rewrite.php(47): require_once('C:\\laragon\\www\\Capstone2024\\public\\index.php')
